# JRE version: Java(TM) SE Runtime Environment (17.0.12+8) (build 17.0.12+8-LTS-286)
# Java VM: Java HotSpot(TM) 64-Bit Server VM (17.0.12+8-LTS-286, mixed mode, sharing, tiered, compressed oops, compressed class ptrs, g1 gc, windows-amd64)
GC Precious Log:
 CPUs: 8 total, 8 available
 Memory: 16235M
 Large Page Support: Disabled
 NUMA Support: Disabled
 Compressed Oops: Enabled (Zero based)
 Heap Region Size: 2M
 Heap Min Capacity: 8M
 Heap Initial Capacity: 254M
 Heap Max Capacity: 4060M
 Pre-touch: Disabled
 Parallel Workers: 8
 Concurrent Workers: 2
 Concurrent Refinement Workers: 8
 Periodic GC: Disabled
Heap:
 garbage-first heap   total 190464K, used 112824K [0x0000000702400000, 0x0000000800000000)
  region size 2048K, 36 young (73728K), 4 survivors (8192K)
 Metaspace       used 29113K, committed 29376K, reserved 1114112K
  class space    used 3246K, committed 3328K, reserved 1048576K
GC Heap History (20 events):
Event: 2.141 GC heap before
{Heap before GC invocations=1 (full 0):
 garbage-first heap   total 260096K, used 34386K [0x0000000702400000, 0x0000000800000000)
  region size 2048K, 17 young (34816K), 2 survivors (4096K)
 Metaspace       used 9234K, committed 9408K, reserved 1114112K
  class space    used 1121K, committed 1216K, reserved 1048576K
}
Event: 2.147 GC heap after
{Heap after GC invocations=2 (full 0):
 garbage-first heap   total 260096K, used 5104K [0x0000000702400000, 0x0000000800000000)
  region size 2048K, 1 young (2048K), 1 survivors (2048K)
 Metaspace       used 9234K, committed 9408K, reserved 1114112K
  class space    used 1121K, committed 1216K, reserved 1048576K
}
Event: 5.771 GC heap before
{Heap before GC invocations=2 (full 0):
 garbage-first heap   total 260096K, used 103408K [0x0000000702400000, 0x0000000800000000)
  region size 2048K, 50 young (102400K), 1 survivors (2048K)
 Metaspace       used 21253K, committed 21504K, reserved 1114112K
  class space    used 2563K, committed 2688K, reserved 1048576K
}
Event: 5.783 GC heap after
{Heap after GC invocations=3 (full 0):
 garbage-first heap   total 260096K, used 12941K [0x0000000702400000, 0x0000000800000000)
  region size 2048K, 5 young (10240K), 5 survivors (10240K)
 Metaspace       used 21253K, committed 21504K, reserved 1114112K
  class space    used 2563K, committed 2688K, reserved 1048576K
}
Event: 6.302 GC heap before
{Heap before GC invocations=4 (full 0):
 garbage-first heap   total 55296K, used 35469K [0x0000000702400000, 0x0000000800000000)
  region size 2048K, 16 young (32768K), 5 survivors (10240K)
 Metaspace       used 24108K, committed 24384K, reserved 1114112K
  class space    used 2839K, committed 2944K, reserved 1048576K
}
Event: 6.318 GC heap after
{Heap after GC invocations=5 (full 0):
 garbage-first heap   total 55296K, used 20009K [0x0000000702400000, 0x0000000800000000)
  region size 2048K, 2 young (4096K), 2 survivors (4096K)
 Metaspace       used 24108K, committed 24384K, reserved 1114112K
  class space    used 2839K, committed 2944K, reserved 1048576K
}
Event: 6.348 GC heap before
{Heap before GC invocations=5 (full 0):
 garbage-first heap   total 55296K, used 22057K [0x0000000702400000, 0x0000000800000000)
  region size 2048K, 3 young (6144K), 2 survivors (4096K)
 Metaspace       used 24110K, committed 24384K, reserved 1114112K
  class space    used 2839K, committed 2944K, reserved 1048576K
}
Event: 6.357 GC heap after
{Heap after GC invocations=6 (full 0):
 garbage-first heap   total 55296K, used 22021K [0x0000000702400000, 0x0000000800000000)
  region size 2048K, 1 young (2048K), 1 survivors (2048K)
 Metaspace       used 24110K, committed 24384K, reserved 1114112K
  class space    used 2839K, committed 2944K, reserved 1048576K
}
Event: 6.558 GC heap before
{Heap before GC invocations=6 (full 0):
 garbage-first heap   total 55296K, used 38405K [0x0000000702400000, 0x0000000800000000)
  region size 2048K, 9 young (18432K), 1 survivors (2048K)
 Metaspace       used 24266K, committed 24512K, reserved 1114112K
  class space    used 2854K, committed 2944K, reserved 1048576K
}
Event: 6.568 GC heap after
{Heap after GC invocations=7 (full 0):
 garbage-first heap   total 55296K, used 25719K [0x0000000702400000, 0x0000000800000000)
  region size 2048K, 2 young (4096K), 2 survivors (4096K)
 Metaspace       used 24266K, committed 24512K, reserved 1114112K
  class space    used 2854K, committed 2944K, reserved 1048576K
}
Event: 6.808 GC heap before
{Heap before GC invocations=7 (full 0):
 garbage-first heap   total 55296K, used 40055K [0x0000000702400000, 0x0000000800000000)
  region size 2048K, 9 young (18432K), 2 survivors (4096K)
 Metaspace       used 24762K, committed 25088K, reserved 1114112K
  class space    used 2908K, committed 3072K, reserved 1048576K
}
Event: 6.820 GC heap after
{Heap after GC invocations=8 (full 0):
 garbage-first heap   total 157696K, used 31224K [0x0000000702400000, 0x0000000800000000)
  region size 2048K, 2 young (4096K), 2 survivors (4096K)
 Metaspace       used 24762K, committed 25088K, reserved 1114112K
  class space    used 2908K, committed 3072K, reserved 1048576K
}
Event: 7.862 GC heap before
{Heap before GC invocations=8 (full 0):
 garbage-first heap   total 157696K, used 96760K [0x0000000702400000, 0x0000000800000000)
  region size 2048K, 34 young (69632K), 2 survivors (4096K)
 Metaspace       used 26079K, committed 26368K, reserved 1114112K
  class space    used 3009K, committed 3136K, reserved 1048576K
}
Event: 7.886 GC heap after
{Heap after GC invocations=9 (full 0):
 garbage-first heap   total 157696K, used 41450K [0x0000000702400000, 0x0000000800000000)
  region size 2048K, 5 young (10240K), 5 survivors (10240K)
 Metaspace       used 26079K, committed 26368K, reserved 1114112K
  class space    used 3009K, committed 3136K, reserved 1048576K
}
Event: 9.403 GC heap before
{Heap before GC invocations=9 (full 0):
 garbage-first heap   total 157696K, used 104938K [0x0000000702400000, 0x0000000800000000)
  region size 2048K, 35 young (71680K), 5 survivors (10240K)
 Metaspace       used 27917K, committed 28224K, reserved 1114112K
  class space    used 3182K, committed 3328K, reserved 1048576K
}
Event: 9.423 GC heap after
{Heap after GC invocations=10 (full 0):
 garbage-first heap   total 157696K, used 47143K [0x0000000702400000, 0x0000000800000000)
  region size 2048K, 3 young (6144K), 3 survivors (6144K)
 Metaspace       used 27917K, committed 28224K, reserved 1114112K
  class space    used 3182K, committed 3328K, reserved 1048576K
}
Event: 10.478 GC heap before
{Heap before GC invocations=10 (full 0):
 garbage-first heap   total 157696K, used 108583K [0x0000000702400000, 0x0000000800000000)
  region size 2048K, 33 young (67584K), 3 survivors (6144K)
 Metaspace       used 28325K, committed 28672K, reserved 1114112K
  class space    used 3188K, committed 3328K, reserved 1048576K
}
Event: 10.492 GC heap after
{Heap after GC invocations=11 (full 0):
 garbage-first heap   total 157696K, used 47884K [0x0000000702400000, 0x0000000800000000)
  region size 2048K, 3 young (6144K), 3 survivors (6144K)
 Metaspace       used 28325K, committed 28672K, reserved 1114112K
  class space    used 3188K, committed 3328K, reserved 1048576K
}
Event: 11.522 GC heap before
{Heap before GC invocations=11 (full 0):
 garbage-first heap   total 157696K, used 113420K [0x0000000702400000, 0x0000000800000000)
  region size 2048K, 35 young (71680K), 3 survivors (6144K)
 Metaspace       used 28568K, committed 28864K, reserved 1114112K
  class space    used 3196K, committed 3328K, reserved 1048576K
}
Event: 11.541 GC heap after
{Heap after GC invocations=12 (full 0):
 garbage-first heap   total 190464K, used 49336K [0x0000000702400000, 0x0000000800000000)
  region size 2048K, 4 young (8192K), 4 survivors (8192K)
 Metaspace       used 28568K, committed 28864K, reserved 1114112K
  class space    used 3196K, committed 3328K, reserved 1048576K
}

